Replace Part C1 Cap0603 in C:\DEV\smári kennari\trunk\Altium\Minna V0.1\Minna_CPU.SchDoc with Cap0603 from Shearwater Sch Lib.SchLib
Replace Part C2 Cap0603 in C:\DEV\smári kennari\trunk\Altium\Minna V0.1\Minna_CPU.SchDoc with Cap0603 from Shearwater Sch Lib.SchLib
Replace Part C3 Cap0603 in C:\DEV\smári kennari\trunk\Altium\Minna V0.1\Minna_CPU.SchDoc with Cap0603 from Shearwater Sch Lib.SchLib
Replace Part C4 Cap0603 in C:\DEV\smári kennari\trunk\Altium\Minna V0.1\Minna_CPU.SchDoc with Cap0603 from Shearwater Sch Lib.SchLib
Replace Part C5 Cap0603 in C:\DEV\smári kennari\trunk\Altium\Minna V0.1\Minna_CPU.SchDoc with Cap0603 from Shearwater Sch Lib.SchLib
Replace Part D1 APG1608SURKC/T in C:\DEV\smári kennari\trunk\Altium\Minna V0.1\Minna_CPU.SchDoc with APG1608SURKC/T from Minna Project.SchLib
Replace Part R1 Res0603 in C:\DEV\smári kennari\trunk\Altium\Minna V0.1\Minna_CPU.SchDoc with Res0603 from Shearwater Sch Lib.SchLib
Replace Part R2 Res0603 in C:\DEV\smári kennari\trunk\Altium\Minna V0.1\Minna_CPU.SchDoc with Res0603 from Shearwater Sch Lib.SchLib
Replace Part R3 Res0603 in C:\DEV\smári kennari\trunk\Altium\Minna V0.1\Minna_CPU.SchDoc with Res0603 from Shearwater Sch Lib.SchLib
Replace Part R4 Res0603 in C:\DEV\smári kennari\trunk\Altium\Minna V0.1\Minna_CPU.SchDoc with Res0603 from Shearwater Sch Lib.SchLib
Replace Part R5 Res0603 in C:\DEV\smári kennari\trunk\Altium\Minna V0.1\Minna_CPU.SchDoc with Res0603 from Shearwater Sch Lib.SchLib
Replace Part R6 Res0603 in C:\DEV\smári kennari\trunk\Altium\Minna V0.1\Minna_CPU.SchDoc with Res0603 from Shearwater Sch Lib.SchLib
Replace Part R7 Res0603 in C:\DEV\smári kennari\trunk\Altium\Minna V0.1\Minna_CPU.SchDoc with Res0603 from Shearwater Sch Lib.SchLib
Replace Part R8 Res0603 in C:\DEV\smári kennari\trunk\Altium\Minna V0.1\Minna_CPU.SchDoc with Res0603 from Shearwater Sch Lib.SchLib
Replace Part R9 Res0603 in C:\DEV\smári kennari\trunk\Altium\Minna V0.1\Minna_CPU.SchDoc with Res0603 from Shearwater Sch Lib.SchLib
Replace Part R10 Res0603 in C:\DEV\smári kennari\trunk\Altium\Minna V0.1\Minna_CPU.SchDoc with Res0603 from Shearwater Sch Lib.SchLib
Replace Part SW40 PTS645SM43SMTR LFS in C:\DEV\smári kennari\trunk\Altium\Minna V0.1\Minna_CPU.SchDoc with PTS645SM43SMTR LFS from Minna Project.SchLib
Replace Part SW41 PTS645SM43SMTR LFS in C:\DEV\smári kennari\trunk\Altium\Minna V0.1\Minna_CPU.SchDoc with PTS645SM43SMTR LFS from Minna Project.SchLib
Replace Part SW42 PTS645SM43SMTR LFS in C:\DEV\smári kennari\trunk\Altium\Minna V0.1\Minna_CPU.SchDoc with PTS645SM43SMTR LFS from Minna Project.SchLib
Replace Part SW43 PTS645SM43SMTR LFS in C:\DEV\smári kennari\trunk\Altium\Minna V0.1\Minna_CPU.SchDoc with PTS645SM43SMTR LFS from Minna Project.SchLib
Replace Part U1 Z84C0010AEG in C:\DEV\smári kennari\trunk\Altium\Minna V0.1\Minna_CPU.SchDoc with Z84C0010AEG from Minna Project.SchLib
Replace Part U2 SST39SF010A-70-4C-WHE in C:\DEV\smári kennari\trunk\Altium\Minna V0.1\Minna_CPU.SchDoc with SST39SF010A-70-4C-WHE from Minna Project.SchLib
Replace Part U3 IS62C256AL-45TLI in C:\DEV\smári kennari\trunk\Altium\Minna V0.1\Minna_CPU.SchDoc with IS62C256AL-45TLI from Minna Project.SchLib
Replace Part U4 SN74LS90DG4 in C:\DEV\smári kennari\trunk\Altium\Minna V0.1\Minna_CPU.SchDoc with SN74LS90DG4 from Minna Project.SchLib
Replace Part U5 SN74HC14PWR in C:\DEV\smári kennari\trunk\Altium\Minna V0.1\Minna_CPU.SchDoc with SN74HC14PWR from Minna Project.SchLib
Replace Part U5 SN74HC14PWR in C:\DEV\smári kennari\trunk\Altium\Minna V0.1\Minna_CPU.SchDoc with SN74HC14PWR from Minna Project.SchLib
Replace Part U5 SN74HC14PWR in C:\DEV\smári kennari\trunk\Altium\Minna V0.1\Minna_CPU.SchDoc with SN74HC14PWR from Minna Project.SchLib
Replace Part U5 SN74HC14PWR in C:\DEV\smári kennari\trunk\Altium\Minna V0.1\Minna_CPU.SchDoc with SN74HC14PWR from Minna Project.SchLib
Replace Part U5 SN74HC14PWR in C:\DEV\smári kennari\trunk\Altium\Minna V0.1\Minna_CPU.SchDoc with SN74HC14PWR from Minna Project.SchLib
Replace Part U5 SN74HC14PWR in C:\DEV\smári kennari\trunk\Altium\Minna V0.1\Minna_CPU.SchDoc with SN74HC14PWR from Minna Project.SchLib
Replace Part U6 SN74HC74PWR in C:\DEV\smári kennari\trunk\Altium\Minna V0.1\Minna_CPU.SchDoc with SN74HC74PWR from Minna Project.SchLib
Replace Part U6 SN74HC74PWR in C:\DEV\smári kennari\trunk\Altium\Minna V0.1\Minna_CPU.SchDoc with SN74HC74PWR from Minna Project.SchLib
Replace Part U7 SN74LVC1G19DBVR in C:\DEV\smári kennari\trunk\Altium\Minna V0.1\Minna_CPU.SchDoc with SN74LVC1G19DBVR from Minna Project.SchLib
Replace Part U8 MCP1702T-5002E/MB in C:\DEV\smári kennari\trunk\Altium\Minna V0.1\Minna_CPU.SchDoc with MCP1702T-5002E/MB from Minna Project.SchLib
Replace Part X1 AWSCR-3.58MGD-T in C:\DEV\smári kennari\trunk\Altium\Minna V0.1\Minna_CPU.SchDoc with AWSCR-3.58MGD-T from Minna Project.SchLib
