Added Component: Designator=J??(KLD-0202)
Added Component: Designator=U??(SOT-363)
Added Component: Designator=U??(PW014)
Added Component: Designator=U??(PW014)
Added Component: Designator=U?(PW014)
Added Component: Designator=U?(PW014)
Added Component: Designator=U?(PW014)
Added Component: Designator=U?(PW014)
Added Component: Designator=U?(PW014)
Added Component: Designator=U?(PW014)
Added Component: Designator=U?(PW014)
Added Component: Designator=U?(PW014)
Added Component: Designator=U?(PW014)
Added Component: Designator=U?(PW014)
Added Component: Designator=U?(PW014)
Added Component: Designator=U?(PW014)
Added Component: Designator=U?(D014_N)
Added Component: Designator=X??(CSTCR_G)
Added Pin To Net: NetName=2 Pin=J??-2
Added Pin To Net: NetName=2 Pin=U??-2
Added Net: Name=2
Added Pin To Net: NetName=5 Pin=U?-5
Added Pin To Net: NetName=5 Pin=U??-5
Added Net: Name=5
Added Pin To Net: NetName=GND Pin=U?-7
Added Pin To Net: NetName=GND Pin=U?-7
Added Pin To Net: NetName=GND Pin=U?-7
Added Pin To Net: NetName=GND Pin=U?-7
Added Pin To Net: NetName=GND Pin=U?-7
Added Pin To Net: NetName=GND Pin=U?-7
Added Pin To Net: NetName=GND Pin=U?-7
Added Pin To Net: NetName=GND Pin=U?-7
Added Pin To Net: NetName=GND Pin=U?-7
Added Pin To Net: NetName=GND Pin=U?-7
Added Pin To Net: NetName=GND Pin=U?-7
Added Pin To Net: NetName=GND Pin=U?-7
Added Pin To Net: NetName=GND Pin=U??-7
Added Pin To Net: NetName=GND Pin=U??-7
Added Net: Name=GND
Added Pin To Net: NetName=VCC Pin=U?-14
Added Pin To Net: NetName=VCC Pin=U?-14
Added Pin To Net: NetName=VCC Pin=U?-14
Added Pin To Net: NetName=VCC Pin=U?-14
Added Pin To Net: NetName=VCC Pin=U?-14
Added Pin To Net: NetName=VCC Pin=U?-14
Added Pin To Net: NetName=VCC Pin=U?-14
Added Pin To Net: NetName=VCC Pin=U?-14
Added Pin To Net: NetName=VCC Pin=U?-14
Added Pin To Net: NetName=VCC Pin=U?-14
Added Pin To Net: NetName=VCC Pin=U?-14
Added Pin To Net: NetName=VCC Pin=U?-14
Added Pin To Net: NetName=VCC Pin=U??-14
Added Pin To Net: NetName=VCC Pin=U??-14
Added Net: Name=VCC
Added Class: Name=Minna_CPU
Added Class: Name=Minna_IO
Added Room: Name=Minna_CPU
Added Room: Name=Minna_IO
