Removed Pin From Net: NetName=5 Pin=U?-5
Removed Pin From Net: NetName=GND Pin=U?-7
Removed Pin From Net: NetName=VCC Pin=U?-14
Removed Pin From Net: NetName=2 Pin=U??-2
Removed Pin From Net: NetName=5 Pin=U??-5
Removed Pin From Net: NetName=GND Pin=U??-7
Removed Pin From Net: NetName=VCC Pin=U??-14
Removed Member From Class: ClassName=Minna_IO Member=U??
Removed Member From Class: ClassName=Minna_CPU Member=U?
Removed Member From Class: ClassName=Minna_CPU Member=U?
Removed Member From Class: ClassName=Minna_CPU Member=U?
Removed Member From Class: ClassName=Minna_CPU Member=U?
Removed Member From Class: ClassName=Minna_CPU Member=U?
Removed Member From Class: ClassName=Minna_CPU Member=U?
Removed Member From Class: ClassName=Minna_CPU Member=U?
Removed Member From Class: ClassName=Minna_CPU Member=U?
Removed Member From Class: ClassName=Minna_CPU Member=U?
Removed Member From Class: ClassName=Minna_IO Member=U?
Removed Member From Class: ClassName=Minna_IO Member=U?
Removed Member From Class: ClassName=Minna_IO Member=U?
Removed Member From Class: ClassName=Minna_IO Member=U?
Removed Member From Class: ClassName=Minna_IO Member=U?
Removed Member From Class: ClassName=Minna_IO Member=U?
Removed Member From Class: ClassName=Minna_IO Member=U?
Change Component Designator: OldDesignator=J?? NewDesignator=J1
Change Component Designator: OldDesignator=U? NewDesignator=U1
Change Component Designator: OldDesignator=U? NewDesignator=U2
Change Component Designator: OldDesignator=U? NewDesignator=U11
Change Component Designator: OldDesignator=U?? NewDesignator=U6
Change Component Designator: OldDesignator=U?? NewDesignator=U7
Change Component Designator: OldDesignator=X?? NewDesignator=X1
Added Pin To Net: NetName=5 Pin=U1-5
Added Pin To Net: NetName=GND Pin=U1-7
Added Pin To Net: NetName=VCC Pin=U1-14
Added Pin To Net: NetName=GND Pin=U6-7
Added Pin To Net: NetName=VCC Pin=U6-14
Added Pin To Net: NetName=2 Pin=U7-2
Added Pin To Net: NetName=5 Pin=U7-5
Added Pin To Net: NetName=GND Pin=U11-7
Added Pin To Net: NetName=VCC Pin=U11-14
Added Member To Class: ClassName=Minna_CPU Member=Component U1 SN74HC14PWR
Added Member To Class: ClassName=Minna_CPU Member=Component U2 SN74LS90DG4
Added Member To Class: ClassName=Minna_CPU Member=Component U6 SN74HC74PWR
Added Member To Class: ClassName=Minna_IO Member=Component U11 SN74HC14PWR
