Change Component Parameter Comment in SW0 Old= New=3
Change Component Parameter Comment in SW1 Old= New=7
Change Component Parameter Comment in SW2 Old= New=B
Change Component Parameter Comment in SW3 Old= New=F
Change Component Parameter Comment in SW6 Old= New=2
Change Component Parameter Comment in SW7 Old= New=6
Change Component Parameter Comment in SW8 Old= New=A
Change Component Parameter Comment in SW9 Old= New=E
Change Component Parameter Comment in SW12 Old= New=1
Change Component Parameter Comment in SW13 Old= New=5
Change Component Parameter Comment in SW14 Old= New=9
Change Component Parameter Comment in SW15 Old= New=D
Change Component Parameter Comment in SW16 Old= New=STEP
Change Component Parameter Comment in SW17 Old= New=TAPERD
Change Component Parameter Comment in SW18 Old= New=0
Change Component Parameter Comment in SW19 Old= New=4
Change Component Parameter Comment in SW20 Old= New=8
Change Component Parameter Comment in SW21 Old= New=C
Change Component Parameter Comment in SW22 Old= New=GO
Change Component Parameter Comment in SW23 Old= New=TAPEWR
Change Component Parameter Comment in SW24 Old= New=CBP
Change Component Parameter Comment in SW25 Old= New=PC
Change Component Parameter Comment in SW26 Old= New=REG
Change Component Parameter Comment in SW27 Old= New=ADDR
Change Component Parameter Comment in SW28 Old= New=DEL
Change Component Parameter Comment in SW29 Old= New=RELA
Change Component Parameter Comment in SW30 Old= New=SBP
Change Component Parameter Comment in SW31 Old= New=DEC
Change Component Parameter Comment in SW32 Old= New=DATA
Change Component Parameter Comment in SW33 Old= New=INC
Change Component Parameter Comment in SW34 Old= New=INS
Change Component Parameter Comment in SW35 Old= New=MOVE
