Change Component Designator: Old Designator=R? New Designator=R1
Change Component Designator: Old Designator=R? New Designator=R2
Change Component Designator: Old Designator=R? New Designator=R3
Change Component Designator: Old Designator=U? New Designator=U2
Change Component Designator: Old Designator=U? New Designator=U6
Change Component Designator: Old Designator=U? New Designator=U2
Change Component Designator: Old Designator=U? New Designator=U6
Change Component Designator: Old Designator=U? New Designator=U2
Change Component Part ID : Designator=U2 Old Part ID =3 New Part ID =4
Change Component Designator: Old Designator=U? New Designator=U2
Change Component Part ID : Designator=U2 Old Part ID =4 New Part ID =5
Change Component Designator: Old Designator=U? New Designator=U2
Change Component Part ID : Designator=U2 Old Part ID =5 New Part ID =6
Change Component Designator: Old Designator=U? New Designator=U9
Change Component Part ID : Designator=U9 Old Part ID =6 New Part ID =1
Change Component Designator: Old Designator=U? New Designator=U3
Change Component Designator: Old Designator=U? New Designator=U4
Change Component Designator: Old Designator=U? New Designator=U5
Change Component Designator: Old Designator=U? New Designator=U7
Change Component Designator: Old Designator=U? New Designator=U8
Change Component Designator: Old Designator=U?? New Designator=U2
Change Component Part ID : Designator=U2 Old Part ID =1 New Part ID =3
Change Component Designator: Old Designator=U?? New Designator=U1
Change Component Designator: Old Designator=X? New Designator=X1
