Replace Part DS1 ACSC03-41EWA-F01 in C:\DEV\smári kennari\trunk\Altium\Minna V0.1\Minna_IO.SchDoc with ACSC03-41EWA-F01 from Minna Project.SchLib
Replace Part DS2 ACSC03-41EWA-F01 in C:\DEV\smári kennari\trunk\Altium\Minna V0.1\Minna_IO.SchDoc with ACSC03-41EWA-F01 from Minna Project.SchLib
Replace Part DS3 ACSC03-41EWA-F01 in C:\DEV\smári kennari\trunk\Altium\Minna V0.1\Minna_IO.SchDoc with ACSC03-41EWA-F01 from Minna Project.SchLib
Replace Part DS4 ACSC03-41EWA-F01 in C:\DEV\smári kennari\trunk\Altium\Minna V0.1\Minna_IO.SchDoc with ACSC03-41EWA-F01 from Minna Project.SchLib
Replace Part DS5 ACSC03-41EWA-F01 in C:\DEV\smári kennari\trunk\Altium\Minna V0.1\Minna_IO.SchDoc with ACSC03-41EWA-F01 from Minna Project.SchLib
Replace Part DS6 ACSC03-41EWA-F01 in C:\DEV\smári kennari\trunk\Altium\Minna V0.1\Minna_IO.SchDoc with ACSC03-41EWA-F01 from Minna Project.SchLib
Replace Part R11 Res0603 in C:\DEV\smári kennari\trunk\Altium\Minna V0.1\Minna_IO.SchDoc with Res0603 from Shearwater Sch Lib.SchLib
Replace Part R12 Res0603 in C:\DEV\smári kennari\trunk\Altium\Minna V0.1\Minna_IO.SchDoc with Res0603 from Shearwater Sch Lib.SchLib
Replace Part R13 Res0603 in C:\DEV\smári kennari\trunk\Altium\Minna V0.1\Minna_IO.SchDoc with Res0603 from Shearwater Sch Lib.SchLib
Replace Part R14 Res0603 in C:\DEV\smári kennari\trunk\Altium\Minna V0.1\Minna_IO.SchDoc with Res0603 from Shearwater Sch Lib.SchLib
Replace Part R15 Res0603 in C:\DEV\smári kennari\trunk\Altium\Minna V0.1\Minna_IO.SchDoc with Res0603 from Shearwater Sch Lib.SchLib
Replace Part R16 Res0603 in C:\DEV\smári kennari\trunk\Altium\Minna V0.1\Minna_IO.SchDoc with Res0603 from Shearwater Sch Lib.SchLib
Replace Part R17 Res0603 in C:\DEV\smári kennari\trunk\Altium\Minna V0.1\Minna_IO.SchDoc with Res0603 from Shearwater Sch Lib.SchLib
Replace Part R18 Res0603 in C:\DEV\smári kennari\trunk\Altium\Minna V0.1\Minna_IO.SchDoc with Res0603 from Shearwater Sch Lib.SchLib
Replace Part SW0 PTS645SM43SMTR LFS in C:\DEV\smári kennari\trunk\Altium\Minna V0.1\Minna_IO.SchDoc with PTS645SM43SMTR LFS from Minna Project.SchLib
Replace Part SW1 PTS645SM43SMTR LFS in C:\DEV\smári kennari\trunk\Altium\Minna V0.1\Minna_IO.SchDoc with PTS645SM43SMTR LFS from Minna Project.SchLib
Replace Part SW2 PTS645SM43SMTR LFS in C:\DEV\smári kennari\trunk\Altium\Minna V0.1\Minna_IO.SchDoc with PTS645SM43SMTR LFS from Minna Project.SchLib
Replace Part SW3 PTS645SM43SMTR LFS in C:\DEV\smári kennari\trunk\Altium\Minna V0.1\Minna_IO.SchDoc with PTS645SM43SMTR LFS from Minna Project.SchLib
Replace Part SW6 PTS645SM43SMTR LFS in C:\DEV\smári kennari\trunk\Altium\Minna V0.1\Minna_IO.SchDoc with PTS645SM43SMTR LFS from Minna Project.SchLib
Replace Part SW7 PTS645SM43SMTR LFS in C:\DEV\smári kennari\trunk\Altium\Minna V0.1\Minna_IO.SchDoc with PTS645SM43SMTR LFS from Minna Project.SchLib
Replace Part SW8 PTS645SM43SMTR LFS in C:\DEV\smári kennari\trunk\Altium\Minna V0.1\Minna_IO.SchDoc with PTS645SM43SMTR LFS from Minna Project.SchLib
Replace Part SW9 PTS645SM43SMTR LFS in C:\DEV\smári kennari\trunk\Altium\Minna V0.1\Minna_IO.SchDoc with PTS645SM43SMTR LFS from Minna Project.SchLib
Replace Part SW12 PTS645SM43SMTR LFS in C:\DEV\smári kennari\trunk\Altium\Minna V0.1\Minna_IO.SchDoc with PTS645SM43SMTR LFS from Minna Project.SchLib
Replace Part SW13 PTS645SM43SMTR LFS in C:\DEV\smári kennari\trunk\Altium\Minna V0.1\Minna_IO.SchDoc with PTS645SM43SMTR LFS from Minna Project.SchLib
Replace Part SW14 PTS645SM43SMTR LFS in C:\DEV\smári kennari\trunk\Altium\Minna V0.1\Minna_IO.SchDoc with PTS645SM43SMTR LFS from Minna Project.SchLib
Replace Part SW15 PTS645SM43SMTR LFS in C:\DEV\smári kennari\trunk\Altium\Minna V0.1\Minna_IO.SchDoc with PTS645SM43SMTR LFS from Minna Project.SchLib
Replace Part SW16 PTS645SM43SMTR LFS in C:\DEV\smári kennari\trunk\Altium\Minna V0.1\Minna_IO.SchDoc with PTS645SM43SMTR LFS from Minna Project.SchLib
Replace Part SW17 PTS645SM43SMTR LFS in C:\DEV\smári kennari\trunk\Altium\Minna V0.1\Minna_IO.SchDoc with PTS645SM43SMTR LFS from Minna Project.SchLib
Replace Part SW18 PTS645SM43SMTR LFS in C:\DEV\smári kennari\trunk\Altium\Minna V0.1\Minna_IO.SchDoc with PTS645SM43SMTR LFS from Minna Project.SchLib
Replace Part SW19 PTS645SM43SMTR LFS in C:\DEV\smári kennari\trunk\Altium\Minna V0.1\Minna_IO.SchDoc with PTS645SM43SMTR LFS from Minna Project.SchLib
Replace Part SW20 PTS645SM43SMTR LFS in C:\DEV\smári kennari\trunk\Altium\Minna V0.1\Minna_IO.SchDoc with PTS645SM43SMTR LFS from Minna Project.SchLib
Replace Part SW21 PTS645SM43SMTR LFS in C:\DEV\smári kennari\trunk\Altium\Minna V0.1\Minna_IO.SchDoc with PTS645SM43SMTR LFS from Minna Project.SchLib
Replace Part SW22 PTS645SM43SMTR LFS in C:\DEV\smári kennari\trunk\Altium\Minna V0.1\Minna_IO.SchDoc with PTS645SM43SMTR LFS from Minna Project.SchLib
Replace Part SW23 PTS645SM43SMTR LFS in C:\DEV\smári kennari\trunk\Altium\Minna V0.1\Minna_IO.SchDoc with PTS645SM43SMTR LFS from Minna Project.SchLib
Replace Part SW24 PTS645SM43SMTR LFS in C:\DEV\smári kennari\trunk\Altium\Minna V0.1\Minna_IO.SchDoc with PTS645SM43SMTR LFS from Minna Project.SchLib
Replace Part SW25 PTS645SM43SMTR LFS in C:\DEV\smári kennari\trunk\Altium\Minna V0.1\Minna_IO.SchDoc with PTS645SM43SMTR LFS from Minna Project.SchLib
Replace Part SW26 PTS645SM43SMTR LFS in C:\DEV\smári kennari\trunk\Altium\Minna V0.1\Minna_IO.SchDoc with PTS645SM43SMTR LFS from Minna Project.SchLib
Replace Part SW27 PTS645SM43SMTR LFS in C:\DEV\smári kennari\trunk\Altium\Minna V0.1\Minna_IO.SchDoc with PTS645SM43SMTR LFS from Minna Project.SchLib
Replace Part SW28 PTS645SM43SMTR LFS in C:\DEV\smári kennari\trunk\Altium\Minna V0.1\Minna_IO.SchDoc with PTS645SM43SMTR LFS from Minna Project.SchLib
Replace Part SW29 PTS645SM43SMTR LFS in C:\DEV\smári kennari\trunk\Altium\Minna V0.1\Minna_IO.SchDoc with PTS645SM43SMTR LFS from Minna Project.SchLib
Replace Part SW30 PTS645SM43SMTR LFS in C:\DEV\smári kennari\trunk\Altium\Minna V0.1\Minna_IO.SchDoc with PTS645SM43SMTR LFS from Minna Project.SchLib
Replace Part SW31 PTS645SM43SMTR LFS in C:\DEV\smári kennari\trunk\Altium\Minna V0.1\Minna_IO.SchDoc with PTS645SM43SMTR LFS from Minna Project.SchLib
Replace Part SW32 PTS645SM43SMTR LFS in C:\DEV\smári kennari\trunk\Altium\Minna V0.1\Minna_IO.SchDoc with PTS645SM43SMTR LFS from Minna Project.SchLib
Replace Part SW33 PTS645SM43SMTR LFS in C:\DEV\smári kennari\trunk\Altium\Minna V0.1\Minna_IO.SchDoc with PTS645SM43SMTR LFS from Minna Project.SchLib
Replace Part SW34 PTS645SM43SMTR LFS in C:\DEV\smári kennari\trunk\Altium\Minna V0.1\Minna_IO.SchDoc with PTS645SM43SMTR LFS from Minna Project.SchLib
Replace Part SW35 PTS645SM43SMTR LFS in C:\DEV\smári kennari\trunk\Altium\Minna V0.1\Minna_IO.SchDoc with PTS645SM43SMTR LFS from Minna Project.SchLib
Replace Part U9 SN74HC14PWR in C:\DEV\smári kennari\trunk\Altium\Minna V0.1\Minna_IO.SchDoc with SN74HC14PWR from Minna Project.SchLib
Replace Part U9 SN74HC14PWR in C:\DEV\smári kennari\trunk\Altium\Minna V0.1\Minna_IO.SchDoc with SN74HC14PWR from Minna Project.SchLib
Replace Part U9 SN74HC14PWR in C:\DEV\smári kennari\trunk\Altium\Minna V0.1\Minna_IO.SchDoc with SN74HC14PWR from Minna Project.SchLib
Replace Part U9 SN74HC14PWR in C:\DEV\smári kennari\trunk\Altium\Minna V0.1\Minna_IO.SchDoc with SN74HC14PWR from Minna Project.SchLib
Replace Part U9 SN74HC14PWR in C:\DEV\smári kennari\trunk\Altium\Minna V0.1\Minna_IO.SchDoc with SN74HC14PWR from Minna Project.SchLib
Replace Part U9 SN74HC14PWR in C:\DEV\smári kennari\trunk\Altium\Minna V0.1\Minna_IO.SchDoc with SN74HC14PWR from Minna Project.SchLib
Replace Part U10 CMQ82C55AZ in C:\DEV\smári kennari\trunk\Altium\Minna V0.1\Minna_IO.SchDoc with CMQ82C55AZ from Minna Project.SchLib
Replace Part U11 SN74HC541PWR in C:\DEV\smári kennari\trunk\Altium\Minna V0.1\Minna_IO.SchDoc with SN74HC541PWR from Minna Project.SchLib
