Removed Pin From Net: NetName=2 Pin=J1-2
Change Component Designator: OldDesignator=U1 NewDesignator=U5
Change Component Designator: OldDesignator=U2 NewDesignator=U1
Added Pin To Net: NetName=2 Pin=J1-1
Added Pin To Net: NetName=GND Pin=J1-2
Added Pin To Net: NetName=VCC Pin=U1-5
Added Pin To Net: NetName=GND Pin=U1-10
Added Pin To Net: NetName=VCC Pin=U5-11
Added Pin To Net: NetName=VCC Pin=U5-13
Added Pin To Net: NetName=VCC Pin=U6-1
Added Pin To Net: NetName=VCC Pin=U6-4
Added Pin To Net: NetName=VCC Pin=U6-10
Added Pin To Net: NetName=VCC Pin=U6-13
Added Pin To Net: NetName=5 Pin=X1-1
Added Pin To Net: NetName=5 Pin=X1-1
Added Pin To Net: NetName=5 Pin=X1-1
Added Pin To Net: NetName=GND Pin=X1-2
Added Pin To Net: NetName=GND Pin=X1-2
Added Pin To Net: NetName=GND Pin=X1-2
Added Pin To Net: NetName=NetDS1_3 Pin=U11-2
Added Net: Name=NetDS1_3
Added Pin To Net: NetName=NetDS2_3 Pin=U11-4
Added Net: Name=NetDS2_3
Added Pin To Net: NetName=NetDS3_3 Pin=U11-6
Added Net: Name=NetDS3_3
Added Pin To Net: NetName=NetDS4_3 Pin=U11-8
Added Net: Name=NetDS4_3
Added Pin To Net: NetName=NetDS5_3 Pin=U11-10
Added Net: Name=NetDS5_3
Added Pin To Net: NetName=NetDS6_3 Pin=U11-12
Added Net: Name=NetDS6_3
Added Pin To Net: NetName=NetU1_6 Pin=U1-6
Added Pin To Net: NetName=NetU1_6 Pin=U1-7
Added Pin To Net: NetName=NetU1_6 Pin=U5-2
Added Net: Name=NetU1_6
Added Pin To Net: NetName=NetU1_11 Pin=U1-11
Added Pin To Net: NetName=NetU1_11 Pin=U1-14
Added Net: Name=NetU1_11
Added Pin To Net: NetName=NetU1_12 Pin=U1-12
Added Pin To Net: NetName=NetU1_12 Pin=U5-3
Added Net: Name=NetU1_12
Added Pin To Net: NetName=NetU2_1 Pin=U6-9
Added Net: Name=NetU2_1
Added Pin To Net: NetName=NetU2_13 Pin=U5-4
Added Net: Name=NetU2_13
Added Pin To Net: NetName=NetU2_23 Pin=U6-5
Added Net: Name=NetU2_23
Added Pin To Net: NetName=NetU5_6 Pin=U5-6
Added Pin To Net: NetName=NetU5_6 Pin=U5-9
Added Pin To Net: NetName=NetU5_6 Pin=X1-3
Added Pin To Net: NetName=NetU5_6 Pin=X1-3
Added Pin To Net: NetName=NetU5_6 Pin=X1-3
Added Net: Name=NetU5_6
Added Pin To Net: NetName=NetU5_8 Pin=U5-8
Added Pin To Net: NetName=NetU5_8 Pin=U6-3
Added Pin To Net: NetName=NetU5_8 Pin=U6-11
Added Net: Name=NetU5_8
Added Pin To Net: NetName=NetU6_8 Pin=U6-8
Added Pin To Net: NetName=NetU6_8 Pin=U6-12
Added Net: Name=NetU6_8
Added Net: Name=NetU9_14
Added Net: Name=NetU9_15
Added Net: Name=NetU9_16
Added Net: Name=NetU9_18
Added Net: Name=NetU9_19
Added Net: Name=NetU9_20
Added Net: Name=NetU9_21
Added Net: Name=NetU9_23
Added Member To Class: ClassName=Minna_CPU Member=Component U5 SN74HC14PWR
Added Member To Class: ClassName=Minna_CPU Member=Component U7 SN74LVC1G19DCKR
