Removed Parameter Code_IPC:SOIC127P600-14 from Part U??
Removed Parameter Code_IPC:SOT89 from Part U??
Removed Parameter ComponentAvailability:Obsolete from Part U??
Removed Parameter ComponentAvailability:Obsolete from Part U??
Removed Parameter ComponentLink1Description:Datasheet from Part U??
Removed Parameter ComponentLink1Description:Manufacturer Link from Part DS??
Removed Parameter ComponentLink1Description:Manufacturer Link from Part J??
Removed Parameter ComponentLink1Description:Manufacturer Link from Part U??
Removed Parameter ComponentLink1Description:Manufacturer Link from Part U??
Removed Parameter ComponentLink1Description:Manufacturer Link from Part U??
Removed Parameter ComponentLink1Description:Manufacturer Link from Part U??
Removed Parameter ComponentLink1Description:Manufacturer Link from Part U??
Removed Parameter ComponentLink1URL: from Part DS??
Removed Parameter ComponentLink1URL:http://domino.kycon.com/internet/Products.html from Part J??
Removed Parameter ComponentLink1URL:http://ww1.microchip.com/downloads/en/DeviceDoc/22008d.pdf from Part U??
Removed Parameter ComponentLink1URL:http://www.ti.com/ from Part U??
Removed Parameter ComponentLink1URL:http://www.ti.com/ from Part U??
Removed Parameter ComponentLink1URL:http://www.ti.com/ from Part U??
Removed Parameter ComponentLink1URL:http://www.ti.com/ from Part U??
Removed Parameter ComponentLink1URL:http://www.zilog.com/ from Part U??
Removed Parameter ComponentLink2Description:Datasheet from Part DS??
Removed Parameter ComponentLink2Description:Datasheet from Part U??
Removed Parameter ComponentLink2Description:Datasheet from Part U??
Removed Parameter ComponentLink2Description:Datasheet from Part U??
Removed Parameter ComponentLink2Description:Datasheet from Part U??
Removed Parameter ComponentLink2Description:Datasheet from Part U??
Removed Parameter ComponentLink2Description:Packaging Specification from Part U??
Removed Parameter ComponentLink2URL: from Part DS??
Removed Parameter ComponentLink2URL:http://www-s.ti.com/sc/ds/sn74abt541b.pdf from Part U??
Removed Parameter ComponentLink2URL:http://www-s.ti.com/sc/ds/sn74hc14.pdf from Part U??
Removed Parameter ComponentLink2URL:http://www-s.ti.com/sc/ds/sn74hc74.pdf from Part U??
Removed Parameter ComponentLink2URL:http://www-s.ti.com/sc/ds/sn74ls92.pdf from Part U??
Removed Parameter ComponentLink2URL:http://www.microchip.com/stellent/groups/techpub_sg/documents/packagingspec/en012702.pdf from Part U??
Removed Parameter ComponentLink2URL:http://www.zilog.com/docs/z80/um0081.pdf from Part U??
Removed Parameter ComponentLink3Description:Microchip.com Home from Part U??
Removed Parameter ComponentLink3URL:http://www.microchip.com/ from Part U??
Removed Parameter DatasheetDocument:09-May-2002 from Part J??
Removed Parameter DatasheetVersion: from Part DS??
Removed Parameter DatasheetVersion:Jan-1989 from Part U??
Removed Parameter DatasheetVersion:Mar-1988 from Part U??
Removed Parameter DatasheetVersion:May-1997 from Part U??
Removed Parameter DatasheetVersion:May-1997 from Part U??
Removed Parameter DatasheetVersion:Oct-1998 from Part U??
Removed Parameter DatasheetVersion:revD, Jun-2009 from Part U??
Removed Parameter FirstPublished:29-Jan-2009 from Part U??
Removed Parameter LatestRevisionDate:02-Dec-2009 from Part U??
Removed Parameter LatestRevisionDate:04-Mar-2005 from Part U??
Removed Parameter LatestRevisionDate:04-Mar-2005 from Part U??
Removed Parameter LatestRevisionDate:08-Jul-2005 from Part D??
Removed Parameter LatestRevisionDate:08-Jul-2005 from Part D??
Removed Parameter LatestRevisionDate:13-Apr-2006 from Part U??
Removed Parameter LatestRevisionDate:13-Apr-2006 from Part U??
Removed Parameter LatestRevisionDate:16-Oct-2006 from Part U??
Removed Parameter LatestRevisionDate: from Part DS??
Removed Parameter LatestRevisionNote: from Part DS??
Removed Parameter LatestRevisionNote:IPC-7351 Footprint Added. from Part U??
Removed Parameter LatestRevisionNote:IPC-7351 Footprint Added. from Part U??
Removed Parameter LatestRevisionNote:IPC-7351 Footprint Added. from Part U??
Removed Parameter LatestRevisionNote:Mech Layer 1 removed. from Part D??
Removed Parameter LatestRevisionNote:Mech Layer 1 removed. from Part D??
Removed Parameter LatestRevisionNote:Stylized 3D Model Added. from Part U??
Removed Parameter LatestRevisionNote:Stylized 3D Model Added. from Part U??
Removed Parameter LatestRevisionNote:Updated to datasheet revision D, Jun-2009 from Part U??
Removed Parameter Note: from Part DS??
Removed Parameter Note:Pins 4 and 13 are NC & are not drawn. from Part U??
Removed Parameter PackageDescription:3-Lead Plastic Small Outline Transistor Header (MB) [SOT-89] from Part U??
Removed Parameter PackageDescription:14-Pin Small Outline Integrated Circuit 1.27 mm Pitch from Part U??
Removed Parameter PackageDescription:20-Pin Thin Small Outline Package 0.65 mm Pitch from Part U??
Removed Parameter PackageDescription:44-Pin Quad Flat Pack 0.8 mm Pitch from Part U??
Removed Parameter PackageDescription: from Part DS??
Removed Parameter PackageDescription:Shrink Small Outline; 14 Leads; Body Width 4.4 mm; Pitch 0.65 mm from Part U??
Removed Parameter PackageDescription:Shrink Small Outline; 14 Leads; Body Width 4.4 mm; Pitch 0.65 mm from Part U??
Removed Parameter PackageReference:APG1608 from Part D??
Removed Parameter PackageReference:APG1608 from Part D??
Removed Parameter PackageReference:D014 from Part U??
Removed Parameter PackageReference: from Part DS??
Removed Parameter PackageReference:PQFP44 from Part U??
Removed Parameter PackageReference:PW014 from Part U??
Removed Parameter PackageReference:PW014 from Part U??
Removed Parameter PackageReference:PW020 from Part U??
Removed Parameter PackageReference:SOT-89-MB3 from Part U??
Removed Parameter PackageVersion:Feb-1999 from Part U??
Removed Parameter PackageVersion:Feb-1999 from Part U??
Removed Parameter PackageVersion:Feb-1999 from Part U??
Removed Parameter PackageVersion: from Part DS??
Removed Parameter PackageVersion:Jan-1998 from Part U??
Removed Parameter PackageVersion:revBB, Aug-2009 from Part U??
Removed Parameter Published:8-Jun-2000 from Part D??
Removed Parameter Published:8-Jun-2000 from Part D??
Removed Parameter Published:8-Jun-2000 from Part U??
Removed Parameter Published:8-Jun-2000 from Part U??
Removed Parameter Published:8-Jun-2000 from Part U??
Removed Parameter Published:8-Jun-2000 from Part U??
Removed Parameter Published:15-Apr-2002 from Part U??
Removed Parameter Published:17-Dec-2003 from Part J??
Removed Parameter Published: from Part DS??
Removed Parameter Publisher:Altium Limited from Part D??
Removed Parameter Publisher:Altium Limited from Part D??
Removed Parameter Publisher:Altium Limited from Part U??
Removed Parameter Publisher:Altium Limited from Part J??
Removed Parameter Publisher:Altium Limited from Part U??
Removed Parameter Publisher:Altium Limited from Part U??
Removed Parameter Publisher:Altium Limited from Part U??
Removed Parameter Publisher:Altium Limited from Part U??
Removed Parameter Publisher:Altium Limited from Part U??
Removed Parameter Publisher: from Part DS??
Removed Parameter Supplier 1:Digi-Key from Part U??
Removed Parameter Supplier 2:Farnell from Part U??
Removed Parameter Supplier 3:Newark from Part U??
Removed Parameter Supplier Part Number 1:MCP1702T-5002E/MB-ND from Part U??
Removed Parameter Supplier Part Number 2:1605559 from Part U??
Removed Parameter Supplier Part Number 3:56K6995 from Part U??
