Removed Parameter : from Part DS??
Change Value of Parameter Comment in Library  Old=ACSC03-41EWA-F01 New==Value
Change Component Parameter Comment in D?? Old= New==Value
Change Component Parameter Comment in D?? Old= New==Value
Change Component Parameter Comment in X?? Old= New==Value
Change Value of Parameter DistPN in Part X?? Old= New=535-9365-1-ND
Change Value of Parameter Mfgr in Part X?? Old= New=Abracon
Change Value of Parameter MfgrPN in Part X?? Old= New=AWSCR-3.58MGD-T
Change Value of Parameter Value in Part X?? Old=3.58MHz New=AWSCR-3.58MGD-T
Change Component Parameter Comment in U?? Old= New==Value
Change Component Parameter Comment in X?? Old= New==Value
Change Value of Parameter DistPN in Part X?? Old= New=490-1217-1-ND
Change Value of Parameter Mfgr in Part X?? Old= New=Murata
Change Value of Parameter MfgrPN in Part X?? Old= New=CSTCR4M00G53Z-R0
Change Value of Parameter Value in Part X?? Old=4MHz New=CSTCR4M00G53Z-R0
Change Component Parameter Comment in FID? Old= New==Value
Change Value of Parameter Value in Part FID? Old= New=Fiducial
Change Component Parameter Comment in U?? Old= New==Value
Change Component Parameter Comment in U?? Old= New==Value
Change Component Parameter Description in U?? Old=250 mA Low Quiescent Current LDO Regulator, 3-Pin SOT-89, Extended Temperature, Tape and Reel New=IC REG LDO 5V 250MA SOT-89-3
Change Component Parameter Comment in J?? Old= New==Value
Change Component Parameter Description in J?? Old=Low Voltage Power Supply Connector New=CON PWR JCK 2.0 X 6.0MM W/SHLD
Change Component Parameter Comment in SW?? Old= New==Value
Change Component Parameter Comment in U?? Old= New==Value
Change Component Parameter Description in U?? Old=Hex Schmitt-Trigger Inverter New=IC HEX SCHMITT-TRIG INV 14-TSSOP
Change Component Parameter Comment in U?? Old= New==Value
Change Component Parameter Description in U?? Old=Dual D-Type Positive-Edge-Triggered Flip-Flop with Clear and Preset New=IC DUAL F-F W/CLR/PRESET 14TSSOP
Change Component Parameter Comment in U?? Old= New==Value
Change Component Parameter Description in U?? Old=Octal Buffer/Driver with 3-State Outputs New=IC BUFF/DVR TRI-ST 8BIT 20TSSOP
Change Component Parameter Comment in U?? Old= New==Value
Change Component Parameter Description in U?? Old=Decade Counter New=IC COUNTER DECADE 4BIT 14SOIC
Change Component Parameter Comment in U?? Old= New==Value
Change Component Parameter Comment in U?? Old= New==Value
Change Component Parameter Comment in TP?? Old= New==Value
Change Component Parameter Comment in U?? Old= New==Value
Change Component Parameter Description in U?? Old=CMOS 8-Bit Microprocessor New=IC Z80 CPU CMOS 10MHZ 44LQFP
Added Parameter Dist=Avnet to Part U??
Added Parameter Dist=Avnet to Part U??
Added Parameter Dist=Digi-Key to Part U??
Added Parameter Dist=Digi-Key to Part J??
Added Parameter Dist=Digi-Key to Part U??
Added Parameter Dist=Digi-Key to Part U??
Added Parameter Dist=Mouser to Part DS??
Added Parameter Dist=Mouser to Part D??
Added Parameter Dist=Mouser to Part D??
Added Parameter Dist=Mouser to Part U??
Added Parameter Dist=Mouser to Part SW??
Added Parameter Dist=Mouser to Part U??
Added Parameter Dist=Mouser to Part U??
Added Parameter Dist=Mouser to Part U??
Added Parameter Dist=Mouser to Part U??
Added Parameter DistPN=269-4574-ND to Part U??
Added Parameter DistPN=296-8335-1-ND to Part U??
Added Parameter DistPN=579-MCP1702T5002E/MB to Part U??
Added Parameter DistPN=595-SN74HC74PWR to Part U??
Added Parameter DistPN=595-SN74LS90DG4 to Part U??
Added Parameter DistPN=595-SN74LVC1G19DCKR to Part U??
Added Parameter DistPN=604-ACSC03-41EWA-F01 to Part DS??
Added Parameter DistPN=604-APG1608CGKC/T to Part D??
Added Parameter DistPN=604-APG1608SURKC/T to Part D??
Added Parameter DistPN=611-PTS645SM43SMTRLF to Part SW??
Added Parameter DistPN=706-1109-ND to Part U??
Added Parameter DistPN=804-39SF010A7CWHE to Part U??
Added Parameter DistPN=CMQ82C55AZ to Part U??
Added Parameter DistPN=CP-051A-ND to Part J??
Added Parameter DistPN=SN74HC14PWR/BKN to Part U??
Added Parameter Load=y to Part DS??
Added Parameter Load=y to Part D??
Added Parameter Load=y to Part D??
Added Parameter Load=y to Part U??
Added Parameter Load=y to Part U??
Added Parameter Load=y to Part U??
Added Parameter Load=y to Part J??
Added Parameter Load=y to Part SW??
Added Parameter Load=y to Part U??
Added Parameter Load=y to Part U??
Added Parameter Load=y to Part U??
Added Parameter Load=y to Part U??
Added Parameter Load=y to Part U??
Added Parameter Load=y to Part U??
Added Parameter Load=y to Part U??
Added Parameter Mfgr=C&K Components to Part SW??
Added Parameter Mfgr=CUI Inc to Part J??
Added Parameter Mfgr=Intersil to Part U??
Added Parameter Mfgr=ISSI to Part U??
Added Parameter Mfgr=Kingbright Corp to Part DS??
Added Parameter Mfgr=Kingbright Corp to Part D??
Added Parameter Mfgr=Kingbright Corp to Part D??
Added Parameter Mfgr=Microchip to Part U??
Added Parameter Mfgr=SST to Part U??
Added Parameter Mfgr=Texas Instruments to Part U??
Added Parameter Mfgr=Texas Instruments to Part U??
Added Parameter Mfgr=Texas Instruments to Part U??
Added Parameter Mfgr=Texas Instruments to Part U??
Added Parameter Mfgr=Texas Instruments to Part U??
Added Parameter Mfgr=Zilog to Part U??
Added Parameter MfgrPN=ACSC03-41EWA-F01 to Part DS??
Added Parameter MfgrPN=APG1608CGKC/T to Part D??
Added Parameter MfgrPN=APG1608SURKC/T to Part D??
Added Parameter MfgrPN=CMQ82C55AZ to Part U??
Added Parameter MfgrPN=IS62C256AL-45TLI to Part U??
Added Parameter MfgrPN=MCP1702T-5002E/MB to Part U??
Added Parameter MfgrPN=PJ-051A to Part J??
Added Parameter MfgrPN=PTS645SM43SMTR LFS to Part SW??
Added Parameter MfgrPN=SN74HC14PWR to Part U??
Added Parameter MfgrPN=SN74HC74PWR to Part U??
Added Parameter MfgrPN=SN74HC541PWR to Part U??
Added Parameter MfgrPN=SN74LS90DG4 to Part U??
Added Parameter MfgrPN=SN74LVC1G19DCKR to Part U??
Added Parameter MfgrPN=SST39SF010A-70-4C-WHE to Part U??
Added Parameter MfgrPN=Z84C0010AEG to Part U??
Added Parameter Notes= to Part DS??
Added Parameter Notes= to Part D??
Added Parameter Notes= to Part D??
Added Parameter Notes= to Part U??
Added Parameter Notes= to Part U??
Added Parameter Notes= to Part U??
Added Parameter Notes= to Part J??
Added Parameter Notes= to Part SW??
Added Parameter Notes= to Part U??
Added Parameter Notes= to Part U??
Added Parameter Notes= to Part U??
Added Parameter Notes= to Part U??
Added Parameter Notes= to Part U??
Added Parameter Notes= to Part U??
Added Parameter Notes= to Part U??
Added Parameter Package= to Part DS??
Added Parameter Package= to Part D??
Added Parameter Package= to Part D??
Added Parameter Package= to Part U??
Added Parameter Package= to Part U??
Added Parameter Package= to Part U??
Added Parameter Package= to Part J??
Added Parameter Package= to Part SW??
Added Parameter Package= to Part U??
Added Parameter Package= to Part U??
Added Parameter Package= to Part U??
Added Parameter Package= to Part U??
Added Parameter Package= to Part U??
Added Parameter Package= to Part U??
Added Parameter Package= to Part U??
Added Parameter Polarized=no to Part SW??
Added Parameter Polarized= to Part DS??
Added Parameter Polarized= to Part U??
Added Parameter Polarized= to Part U??
Added Parameter Polarized= to Part U??
Added Parameter Polarized= to Part J??
Added Parameter Polarized= to Part U??
Added Parameter Polarized= to Part U??
Added Parameter Polarized= to Part U??
Added Parameter Polarized= to Part U??
Added Parameter Polarized= to Part U??
Added Parameter Polarized= to Part U??
Added Parameter Polarized= to Part U??
Added Parameter Polarized=YES to Part D??
Added Parameter Polarized=YES to Part D??
Added Parameter Value=ACSC03-41EWA-F01 to Part DS??
Added Parameter Value=APG1608CGKC/T to Part D??
Added Parameter Value=APG1608SURKC/T to Part D??
Added Parameter Value=CMQ82C55AZ to Part U??
Added Parameter Value=IS62C256AL-45TLI to Part U??
Added Parameter Value=MCP1702T-5002E/MB to Part U??
Added Parameter Value=PJ-051A to Part J??
Added Parameter Value=PTS645SM43SMTR LFS to Part SW??
Added Parameter Value=SN74HC14PWR to Part U??
Added Parameter Value=SN74HC74PWR to Part U??
Added Parameter Value=SN74HC541PWR to Part U??
Added Parameter Value=SN74LS90DG4 to Part U??
Added Parameter Value=SN74LVC1G19DBVR to Part U??
Added Parameter Value=SST39SF010A-70-4C-WHE to Part U??
Added Parameter Value=TP_ICT to Part TP??
Added Parameter Value=Z84C0010AEG to Part U??
