Change Component Designator: Old Designator=DS?? New Designator=DS1
Change Component Designator: Old Designator=DS?? New Designator=DS2
Change Component Designator: Old Designator=DS?? New Designator=DS3
Change Component Designator: Old Designator=DS?? New Designator=DS4
Change Component Designator: Old Designator=DS?? New Designator=DS5
Change Component Designator: Old Designator=DS?? New Designator=DS6
Change Component Designator: Old Designator=SW?? New Designator=SW1
Change Component Designator: Old Designator=SW?? New Designator=SW2
Change Component Designator: Old Designator=SW?? New Designator=SW3
Change Component Designator: Old Designator=SW?? New Designator=SW4
Change Component Designator: Old Designator=SW?? New Designator=SW5
Change Component Designator: Old Designator=SW?? New Designator=SW6
Change Component Designator: Old Designator=SW?? New Designator=SW7
Change Component Designator: Old Designator=SW?? New Designator=SW8
Change Component Designator: Old Designator=SW?? New Designator=SW9
Change Component Designator: Old Designator=SW?? New Designator=SW10
Change Component Designator: Old Designator=SW?? New Designator=SW11
Change Component Designator: Old Designator=SW?? New Designator=SW12
Change Component Designator: Old Designator=SW?? New Designator=SW13
Change Component Designator: Old Designator=SW?? New Designator=SW14
Change Component Designator: Old Designator=SW?? New Designator=SW15
Change Component Designator: Old Designator=SW?? New Designator=SW16
Change Component Designator: Old Designator=SW?? New Designator=SW17
Change Component Designator: Old Designator=SW?? New Designator=SW18
Change Component Designator: Old Designator=SW?? New Designator=SW19
Change Component Designator: Old Designator=SW?? New Designator=SW20
Change Component Designator: Old Designator=SW?? New Designator=SW21
Change Component Designator: Old Designator=SW?? New Designator=SW22
Change Component Designator: Old Designator=SW?? New Designator=SW23
Change Component Designator: Old Designator=SW?? New Designator=SW24
Change Component Designator: Old Designator=SW?? New Designator=SW25
Change Component Designator: Old Designator=SW?? New Designator=SW26
Change Component Designator: Old Designator=SW?? New Designator=SW27
Change Component Designator: Old Designator=SW?? New Designator=SW28
Change Component Designator: Old Designator=SW?? New Designator=SW29
Change Component Designator: Old Designator=SW?? New Designator=SW30
Change Component Designator: Old Designator=SW?? New Designator=SW31
Change Component Designator: Old Designator=SW?? New Designator=SW32
Change Component Designator: Old Designator=U? New Designator=U11
Change Component Part ID : Designator=U11 Old Part ID =1 New Part ID =6
Change Component Designator: Old Designator=U? New Designator=U11
Change Component Part ID : Designator=U11 Old Part ID =2 New Part ID =5
Change Component Designator: Old Designator=U? New Designator=U11
Change Component Part ID : Designator=U11 Old Part ID =3 New Part ID =4
Change Component Designator: Old Designator=U? New Designator=U11
Change Component Part ID : Designator=U11 Old Part ID =4 New Part ID =3
Change Component Designator: Old Designator=U? New Designator=U11
Change Component Part ID : Designator=U11 Old Part ID =5 New Part ID =2
Change Component Designator: Old Designator=U? New Designator=U11
Change Component Part ID : Designator=U11 Old Part ID =6 New Part ID =1
Change Component Designator: Old Designator=U? New Designator=U10
Change Component Designator: Old Designator=U?? New Designator=U9
