Added Component: Designator=C1(0603)
Added Component: Designator=C2(0603)
Added Component: Designator=C3(0603)
Added Component: Designator=C4(0603)
Added Component: Designator=C5(0603)
Added Component: Designator=C6(0603)
Added Component: Designator=C7(0603)
Added Component: Designator=C8(0603)
Added Component: Designator=C9(0603)
Added Component: Designator=C10(0603)
Added Component: Designator=C20(0603)
Added Component: Designator=C21(0603)
Added Component: Designator=C22(0805)
Added Component: Designator=C23(0805)
Added Component: Designator=C24(1206_A)
Added Component: Designator=D1(APG1608)
Added Component: Designator=DS1(ACSC03-41EWA-F01)
Added Component: Designator=DS2(ACSC03-41EWA-F01)
Added Component: Designator=DS3(ACSC03-41EWA-F01)
Added Component: Designator=DS4(ACSC03-41EWA-F01)
Added Component: Designator=DS5(ACSC03-41EWA-F01)
Added Component: Designator=DS6(ACSC03-41EWA-F01)
Added Component: Designator=R1(0603)
Added Component: Designator=R2(0603)
Added Component: Designator=R3(0603)
Added Component: Designator=R4(0603)
Added Component: Designator=R5(0603)
Added Component: Designator=R6(0603)
Added Component: Designator=R7(0603)
Added Component: Designator=R8(0603)
Added Component: Designator=R9(0603)
Added Component: Designator=R10(0603)
Added Component: Designator=R11(0603)
Added Component: Designator=R12(0603)
Added Component: Designator=R13(0603)
Added Component: Designator=R14(0603)
Added Component: Designator=R15(0603)
Added Component: Designator=R16(0603)
Added Component: Designator=R17(0603)
Added Component: Designator=R18(0603)
Added Component: Designator=R19(0603)
Added Component: Designator=R20(0603)
Added Component: Designator=R21(0603)
Added Component: Designator=R22(0603)
Added Component: Designator=R23(0603)
Added Component: Designator=R24(0603)
Added Component: Designator=SW0(PTS645SM43SMTR LFS)
Added Component: Designator=SW1(PTS645SM43SMTR LFS)
Added Component: Designator=SW2(PTS645SM43SMTR LFS)
Added Component: Designator=SW3(PTS645SM43SMTR LFS)
Added Component: Designator=SW6(PTS645SM43SMTR LFS)
Added Component: Designator=SW7(PTS645SM43SMTR LFS)
Added Component: Designator=SW8(PTS645SM43SMTR LFS)
Added Component: Designator=SW9(PTS645SM43SMTR LFS)
Added Component: Designator=SW12(PTS645SM43SMTR LFS)
Added Component: Designator=SW13(PTS645SM43SMTR LFS)
Added Component: Designator=SW14(PTS645SM43SMTR LFS)
Added Component: Designator=SW15(PTS645SM43SMTR LFS)
Added Component: Designator=SW16(PTS645SM43SMTR LFS)
Added Component: Designator=SW17(PTS645SM43SMTR LFS)
Added Component: Designator=SW18(PTS645SM43SMTR LFS)
Added Component: Designator=SW19(PTS645SM43SMTR LFS)
Added Component: Designator=SW20(PTS645SM43SMTR LFS)
Added Component: Designator=SW21(PTS645SM43SMTR LFS)
Added Component: Designator=SW22(PTS645SM43SMTR LFS)
Added Component: Designator=SW23(PTS645SM43SMTR LFS)
Added Component: Designator=SW24(PTS645SM43SMTR LFS)
Added Component: Designator=SW25(PTS645SM43SMTR LFS)
Added Component: Designator=SW26(PTS645SM43SMTR LFS)
Added Component: Designator=SW27(PTS645SM43SMTR LFS)
Added Component: Designator=SW28(PTS645SM43SMTR LFS)
Added Component: Designator=SW29(PTS645SM43SMTR LFS)
Added Component: Designator=SW30(PTS645SM43SMTR LFS)
Added Component: Designator=SW31(PTS645SM43SMTR LFS)
Added Component: Designator=SW32(PTS645SM43SMTR LFS)
Added Component: Designator=SW33(PTS645SM43SMTR LFS)
Added Component: Designator=SW34(PTS645SM43SMTR LFS)
Added Component: Designator=SW35(PTS645SM43SMTR LFS)
Added Component: Designator=SW40(PTS645SM43SMTR LFS)
Added Component: Designator=SW41(PTS645SM43SMTR LFS)
Added Component: Designator=SW42(PTS645SM43SMTR LFS)
Added Component: Designator=SW43(PTS645SM43SMTR LFS)
Added Component: Designator=U1(LQFP-44)
Added Component: Designator=U2(SST39SF010A-70-4C-WHE)
Added Component: Designator=U3(IS62C256AL-45TLI)
Added Component: Designator=U4(DO14)
Added Component: Designator=U5(PW014)
Added Component: Designator=U6(PW014)
Added Component: Designator=U7(SOT-23-6 DBV R-PDSO-G6)
Added Component: Designator=U8(SOT-89)
Added Component: Designator=U9(PW014)
Added Component: Designator=U10(MQFP-44)
Added Component: Designator=U11(PW020)
Added Component: Designator=X1(AWSCR-MG)
Added Pin To Net: NetName=GND Pin=C1-1
Added Pin To Net: NetName=VCC Pin=C1-2
Added Pin To Net: NetName=GND Pin=C2-1
Added Pin To Net: NetName=VCC Pin=C2-2
Added Pin To Net: NetName=GND Pin=C3-1
Added Pin To Net: NetName=VCC Pin=C3-2
Added Pin To Net: NetName=GND Pin=C4-1
Added Pin To Net: NetName=VCC Pin=C4-2
Added Pin To Net: NetName=GND Pin=C5-1
Added Pin To Net: NetName=VCC Pin=C5-2
Added Pin To Net: NetName=GND Pin=C6-1
Added Pin To Net: NetName=VCC Pin=C6-2
Added Pin To Net: NetName=GND Pin=C7-1
Added Pin To Net: NetName=VCC Pin=C7-2
Added Pin To Net: NetName=GND Pin=C8-1
Added Pin To Net: NetName=VCC Pin=C8-2
Added Pin To Net: NetName=GND Pin=C9-1
Added Pin To Net: NetName=VCC Pin=C9-2
Added Pin To Net: NetName=GND Pin=C10-1
Added Pin To Net: NetName=VCC Pin=C10-2
Added Pin To Net: NetName=VCC Pin=C20-2
Added Pin To Net: NetName=GND Pin=C21-1
Added Pin To Net: NetName=GND Pin=C22-2
Added Pin To Net: NetName=VCC Pin=C23-1
Added Pin To Net: NetName=GND Pin=C23-2
Added Pin To Net: NetName=VCC Pin=C24-1
Added Pin To Net: NetName=GND Pin=C24-2
Added Pin To Net: NetName=VCC Pin=D1-1
Added Pin To Net: NetName=NetDS1_3 Pin=DS1-3
Added Pin To Net: NetName=NetDS1_3 Pin=DS1-8
Added Pin To Net: NetName=NetDS2_3 Pin=DS2-3
Added Pin To Net: NetName=NetDS2_3 Pin=DS2-8
Added Pin To Net: NetName=NetDS3_3 Pin=DS3-3
Added Pin To Net: NetName=NetDS3_3 Pin=DS3-8
Added Pin To Net: NetName=NetDS4_3 Pin=DS4-3
Added Pin To Net: NetName=NetDS4_3 Pin=DS4-8
Added Pin To Net: NetName=NetDS5_3 Pin=DS5-3
Added Pin To Net: NetName=NetDS5_3 Pin=DS5-8
Added Pin To Net: NetName=NetDS6_3 Pin=DS6-3
Added Pin To Net: NetName=NetDS6_3 Pin=DS6-8
Added Pin To Net: NetName=VCC Pin=R1-2
Added Pin To Net: NetName=VCC Pin=R3-2
Added Pin To Net: NetName=VCC Pin=R4-1
Added Pin To Net: NetName=VCC Pin=R5-1
Added Pin To Net: NetName=GND Pin=R6-1
Added Pin To Net: NetName=GND Pin=R7-1
Added Pin To Net: NetName=VCC Pin=R9-2
Added Pin To Net: NetName=VCC Pin=R10-2
Added Pin To Net: NetName=VCC Pin=R19-2
Added Pin To Net: NetName=VCC Pin=R20-2
Added Pin To Net: NetName=VCC Pin=R21-2
Added Pin To Net: NetName=VCC Pin=R22-2
Added Pin To Net: NetName=VCC Pin=R23-2
Added Pin To Net: NetName=VCC Pin=R24-2
Added Pin To Net: NetName=GND Pin=SW40-1
Added Pin To Net: NetName=GND Pin=SW40-2
Added Pin To Net: NetName=GND Pin=SW41-1
Added Pin To Net: NetName=GND Pin=SW41-2
Added Pin To Net: NetName=GND Pin=SW42-1
Added Pin To Net: NetName=GND Pin=SW42-2
Added Pin To Net: NetName=GND Pin=SW43-1
Added Pin To Net: NetName=GND Pin=SW43-2
Added Pin To Net: NetName=VCC Pin=U1-6
Added Pin To Net: NetName=GND Pin=U1-26
Added Pin To Net: NetName=VCC Pin=U2-8
Added Pin To Net: NetName=GND Pin=U2-24
Added Pin To Net: NetName=VCC Pin=U3-7
Added Pin To Net: NetName=GND Pin=U3-21
Added Pin To Net: NetName=VCC Pin=U4-5
Added Pin To Net: NetName=GND Pin=U4-10
Added Pin To Net: NetName=NetU5_8 Pin=U5-8
Added Pin To Net: NetName=VCC Pin=U5-11
Added Pin To Net: NetName=VCC Pin=U5-13
Added Pin To Net: NetName=VCC Pin=U6-1
Added Pin To Net: NetName=NetU5_8 Pin=U6-3
Added Pin To Net: NetName=VCC Pin=U6-4
Added Pin To Net: NetName=NetU6_8 Pin=U6-8
Added Pin To Net: NetName=VCC Pin=U6-10
Added Pin To Net: NetName=NetU5_8 Pin=U6-11
Added Pin To Net: NetName=NetU6_8 Pin=U6-12
Added Pin To Net: NetName=VCC Pin=U6-13
Added Pin To Net: NetName=GND Pin=U7-2
Added Pin To Net: NetName=VCC Pin=U7-5
Added Pin To Net: NetName=GND Pin=U8-1
Added Pin To Net: NetName=VCC Pin=U8-3
Added Pin To Net: NetName=NetDS1_3 Pin=U9-2
Added Pin To Net: NetName=NetDS2_3 Pin=U9-4
Added Pin To Net: NetName=NetDS3_3 Pin=U9-6
Added Pin To Net: NetName=NetDS4_3 Pin=U9-8
Added Pin To Net: NetName=NetDS5_3 Pin=U9-10
Added Pin To Net: NetName=NetDS6_3 Pin=U9-12
Added Pin To Net: NetName=GND Pin=U10-2
Added Pin To Net: NetName=VCC Pin=U10-24
Added Pin To Net: NetName=GND Pin=U11-1
Added Pin To Net: NetName=GND Pin=U11-10
Added Pin To Net: NetName=GND Pin=U11-19
Added Pin To Net: NetName=VCC Pin=U11-20
Added Pin To Net: NetName=GND Pin=X1-2
Added Pin To Net: NetName=8255B\R\E\A\K\ Pin=U4-2
Added Pin To Net: NetName=8255B\R\E\A\K\ Pin=U4-3
Added Pin To Net: NetName=8255B\R\E\A\K\ Pin=U10-6
Added Net: Name=8255B\R\E\A\K\
Added Pin To Net: NetName=8255RESET Pin=U6-6
Added Pin To Net: NetName=8255RESET Pin=U10-33
Added Net: Name=8255RESET
Added Pin To Net: NetName=A0 Pin=U1-27
Added Pin To Net: NetName=A0 Pin=U2-20
Added Pin To Net: NetName=A0 Pin=U3-17
Added Pin To Net: NetName=A0 Pin=U10-4
Added Net: Name=A0
Added Pin To Net: NetName=A1 Pin=U1-28
Added Pin To Net: NetName=A1 Pin=U2-19
Added Pin To Net: NetName=A1 Pin=U3-16
Added Pin To Net: NetName=A1 Pin=U10-3
Added Net: Name=A1
Added Pin To Net: NetName=A2 Pin=U1-29
Added Pin To Net: NetName=A2 Pin=U2-18
Added Pin To Net: NetName=A2 Pin=U3-15
Added Net: Name=A2
Added Pin To Net: NetName=A3 Pin=U1-30
Added Pin To Net: NetName=A3 Pin=U2-17
Added Pin To Net: NetName=A3 Pin=U3-14
Added Net: Name=A3
Added Pin To Net: NetName=A4 Pin=U1-31
Added Pin To Net: NetName=A4 Pin=U2-16
Added Pin To Net: NetName=A4 Pin=U3-13
Added Net: Name=A4
Added Pin To Net: NetName=A5 Pin=U1-32
Added Pin To Net: NetName=A5 Pin=U2-15
Added Pin To Net: NetName=A5 Pin=U3-12
Added Net: Name=A5
Added Pin To Net: NetName=A6 Pin=U1-34
Added Pin To Net: NetName=A6 Pin=U2-14
Added Pin To Net: NetName=A6 Pin=U3-11
Added Net: Name=A6
Added Pin To Net: NetName=A7 Pin=U1-35
Added Pin To Net: NetName=A7 Pin=U2-13
Added Pin To Net: NetName=A7 Pin=U3-10
Added Net: Name=A7
Added Pin To Net: NetName=A8 Pin=U1-36
Added Pin To Net: NetName=A8 Pin=U2-3
Added Pin To Net: NetName=A8 Pin=U3-4
Added Net: Name=A8
Added Pin To Net: NetName=A9 Pin=U1-37
Added Pin To Net: NetName=A9 Pin=U2-2
Added Pin To Net: NetName=A9 Pin=U3-3
Added Net: Name=A9
Added Pin To Net: NetName=A10 Pin=U1-38
Added Pin To Net: NetName=A10 Pin=U2-31
Added Pin To Net: NetName=A10 Pin=U3-28
Added Net: Name=A10
Added Pin To Net: NetName=A11 Pin=U1-40
Added Pin To Net: NetName=A11 Pin=U2-1
Added Pin To Net: NetName=A11 Pin=U3-2
Added Net: Name=A11
Added Pin To Net: NetName=A12 Pin=U1-41
Added Pin To Net: NetName=A12 Pin=U2-12
Added Pin To Net: NetName=A12 Pin=U3-9
Added Net: Name=A12
Added Pin To Net: NetName=A13 Pin=U1-42
Added Pin To Net: NetName=A13 Pin=U2-4
Added Pin To Net: NetName=A13 Pin=U3-5
Added Net: Name=A13
Added Pin To Net: NetName=A14 Pin=U1-43
Added Pin To Net: NetName=A14 Pin=U2-5
Added Pin To Net: NetName=A14 Pin=U3-8
Added Net: Name=A14
Added Pin To Net: NetName=A15 Pin=U1-44
Added Pin To Net: NetName=A15 Pin=U7-1
Added Net: Name=A15
Added Pin To Net: NetName=D0 Pin=U1-9
Added Pin To Net: NetName=D0 Pin=U2-21
Added Pin To Net: NetName=D0 Pin=U3-18
Added Pin To Net: NetName=D0 Pin=U10-32
Added Net: Name=D0
Added Pin To Net: NetName=D1 Pin=U1-10
Added Pin To Net: NetName=D1 Pin=U2-22
Added Pin To Net: NetName=D1 Pin=U3-19
Added Pin To Net: NetName=D1 Pin=U10-31
Added Net: Name=D1
Added Pin To Net: NetName=D2 Pin=U1-7
Added Pin To Net: NetName=D2 Pin=U2-23
Added Pin To Net: NetName=D2 Pin=U3-20
Added Pin To Net: NetName=D2 Pin=U10-30
Added Net: Name=D2
Added Pin To Net: NetName=D3 Pin=U1-3
Added Pin To Net: NetName=D3 Pin=U2-25
Added Pin To Net: NetName=D3 Pin=U3-22
Added Pin To Net: NetName=D3 Pin=U10-29
Added Net: Name=D3
Added Pin To Net: NetName=D4 Pin=U1-2
Added Pin To Net: NetName=D4 Pin=U2-26
Added Pin To Net: NetName=D4 Pin=U3-23
Added Pin To Net: NetName=D4 Pin=U10-28
Added Net: Name=D4
Added Pin To Net: NetName=D5 Pin=U1-4
Added Pin To Net: NetName=D5 Pin=U2-27
Added Pin To Net: NetName=D5 Pin=U3-24
Added Pin To Net: NetName=D5 Pin=U10-27
Added Net: Name=D5
Added Pin To Net: NetName=D6 Pin=U1-5
Added Pin To Net: NetName=D6 Pin=U2-28
Added Pin To Net: NetName=D6 Pin=U3-25
Added Pin To Net: NetName=D6 Pin=U10-26
Added Net: Name=D6
Added Pin To Net: NetName=D7 Pin=U1-8
Added Pin To Net: NetName=D7 Pin=U2-29
Added Pin To Net: NetName=D7 Pin=U3-26
Added Pin To Net: NetName=D7 Pin=U10-25
Added Net: Name=D7
Added Pin To Net: NetName=DS_A Pin=DS1-7
Added Pin To Net: NetName=DS_A Pin=DS2-7
Added Pin To Net: NetName=DS_A Pin=DS3-7
Added Pin To Net: NetName=DS_A Pin=DS4-7
Added Pin To Net: NetName=DS_A Pin=DS5-7
Added Pin To Net: NetName=DS_A Pin=DS6-7
Added Pin To Net: NetName=DS_A Pin=R14-2
Added Net: Name=DS_A
Added Pin To Net: NetName=DS_B Pin=DS1-6
Added Pin To Net: NetName=DS_B Pin=DS2-6
Added Pin To Net: NetName=DS_B Pin=DS3-6
Added Pin To Net: NetName=DS_B Pin=DS4-6
Added Pin To Net: NetName=DS_B Pin=DS5-6
Added Pin To Net: NetName=DS_B Pin=DS6-6
Added Pin To Net: NetName=DS_B Pin=R15-2
Added Net: Name=DS_B
Added Pin To Net: NetName=DS_C Pin=DS1-4
Added Pin To Net: NetName=DS_C Pin=DS2-4
Added Pin To Net: NetName=DS_C Pin=DS3-4
Added Pin To Net: NetName=DS_C Pin=DS4-4
Added Pin To Net: NetName=DS_C Pin=DS5-4
Added Pin To Net: NetName=DS_C Pin=DS6-4
Added Pin To Net: NetName=DS_C Pin=R16-2
Added Net: Name=DS_C
Added Pin To Net: NetName=DS_DP Pin=DS1-5
Added Pin To Net: NetName=DS_DP Pin=DS2-5
Added Pin To Net: NetName=DS_DP Pin=DS3-5
Added Pin To Net: NetName=DS_DP Pin=DS4-5
Added Pin To Net: NetName=DS_DP Pin=DS5-5
Added Pin To Net: NetName=DS_DP Pin=DS6-5
Added Pin To Net: NetName=DS_DP Pin=R17-2
Added Net: Name=DS_DP
Added Pin To Net: NetName=DS_D Pin=DS1-2
Added Pin To Net: NetName=DS_D Pin=DS2-2
Added Pin To Net: NetName=DS_D Pin=DS3-2
Added Pin To Net: NetName=DS_D Pin=DS4-2
Added Pin To Net: NetName=DS_D Pin=DS5-2
Added Pin To Net: NetName=DS_D Pin=DS6-2
Added Pin To Net: NetName=DS_D Pin=R18-2
Added Net: Name=DS_D
Added Pin To Net: NetName=DS_E Pin=DS1-1
Added Pin To Net: NetName=DS_E Pin=DS2-1
Added Pin To Net: NetName=DS_E Pin=DS3-1
Added Pin To Net: NetName=DS_E Pin=DS4-1
Added Pin To Net: NetName=DS_E Pin=DS5-1
Added Pin To Net: NetName=DS_E Pin=DS6-1
Added Pin To Net: NetName=DS_E Pin=R11-2
Added Net: Name=DS_E
Added Pin To Net: NetName=DS_F Pin=DS1-9
Added Pin To Net: NetName=DS_F Pin=DS2-9
Added Pin To Net: NetName=DS_F Pin=DS3-9
Added Pin To Net: NetName=DS_F Pin=DS4-9
Added Pin To Net: NetName=DS_F Pin=DS5-9
Added Pin To Net: NetName=DS_F Pin=DS6-9
Added Pin To Net: NetName=DS_F Pin=R13-2
Added Net: Name=DS_F
Added Pin To Net: NetName=DS_G Pin=DS1-10
Added Pin To Net: NetName=DS_G Pin=DS2-10
Added Pin To Net: NetName=DS_G Pin=DS3-10
Added Pin To Net: NetName=DS_G Pin=DS4-10
Added Pin To Net: NetName=DS_G Pin=DS5-10
Added Pin To Net: NetName=DS_G Pin=DS6-10
Added Pin To Net: NetName=DS_G Pin=R12-2
Added Net: Name=DS_G
Added Pin To Net: NetName=FLASH C\E\ Pin=U2-30
Added Pin To Net: NetName=FLASH C\E\ Pin=U7-6
Added Net: Name=FLASH C\E\
Added Pin To Net: NetName=I\N\T\ Pin=R9-1
Added Pin To Net: NetName=I\N\T\ Pin=SW42-3
Added Pin To Net: NetName=I\N\T\ Pin=SW42-4
Added Pin To Net: NetName=I\N\T\ Pin=U1-12
Added Net: Name=I\N\T\
Added Pin To Net: NetName=I\O\R\Q\ Pin=U1-16
Added Pin To Net: NetName=I\O\R\Q\ Pin=U10-1
Added Net: Name=I\O\R\Q\
Added Pin To Net: NetName=M\R\E\Q\ Pin=U1-15
Added Pin To Net: NetName=M\R\E\Q\ Pin=U7-3
Added Net: Name=M\R\E\Q\
Added Pin To Net: NetName=NetC20_1 Pin=C20-1
Added Pin To Net: NetName=NetC20_1 Pin=R1-1
Added Pin To Net: NetName=NetC20_1 Pin=SW41-3
Added Pin To Net: NetName=NetC20_1 Pin=SW41-4
Added Pin To Net: NetName=NetC20_1 Pin=U5-1
Added Net: Name=NetC20_1
Added Pin To Net: NetName=NetC21_2 Pin=C21-2
Added Pin To Net: NetName=NetC21_2 Pin=R3-1
Added Pin To Net: NetName=NetC21_2 Pin=SW40-3
Added Pin To Net: NetName=NetC21_2 Pin=SW40-4
Added Pin To Net: NetName=NetC21_2 Pin=U6-2
Added Net: Name=NetC21_2
Added Pin To Net: NetName=NetD1_2 Pin=D1-2
Added Pin To Net: NetName=NetD1_2 Pin=R2-1
Added Net: Name=NetD1_2
Added Pin To Net: NetName=NetR2_2 Pin=R2-2
Added Pin To Net: NetName=NetR2_2 Pin=U1-14
Added Net: Name=NetR2_2
Added Pin To Net: NetName=NetR4_2 Pin=R4-2
Added Pin To Net: NetName=NetR4_2 Pin=U1-21
Added Net: Name=NetR4_2
Added Pin To Net: NetName=NetR5_2 Pin=R5-2
Added Pin To Net: NetName=NetR5_2 Pin=U1-22
Added Net: Name=NetR5_2
Added Pin To Net: NetName=NetR6_2 Pin=R6-2
Added Pin To Net: NetName=NetR6_2 Pin=U2-11
Added Net: Name=NetR6_2
Added Pin To Net: NetName=NetR7_2 Pin=R7-2
Added Pin To Net: NetName=NetR7_2 Pin=U2-10
Added Net: Name=NetR7_2
Added Pin To Net: NetName=NetR8_1 Pin=R8-1
Added Pin To Net: NetName=NetR8_1 Pin=U5-5
Added Pin To Net: NetName=NetR8_1 Pin=X1-3
Added Net: Name=NetR8_1
Added Pin To Net: NetName=NetR8_2 Pin=R8-2
Added Pin To Net: NetName=NetR8_2 Pin=U5-6
Added Pin To Net: NetName=NetR8_2 Pin=U5-9
Added Pin To Net: NetName=NetR8_2 Pin=X1-1
Added Net: Name=NetR8_2
Added Pin To Net: NetName=NetR11_1 Pin=R11-1
Added Pin To Net: NetName=NetR11_1 Pin=U11-18
Added Net: Name=NetR11_1
Added Pin To Net: NetName=NetR12_1 Pin=R12-1
Added Pin To Net: NetName=NetR12_1 Pin=U11-17
Added Net: Name=NetR12_1
Added Pin To Net: NetName=NetR13_1 Pin=R13-1
Added Pin To Net: NetName=NetR13_1 Pin=U11-16
Added Net: Name=NetR13_1
Added Pin To Net: NetName=NetR14_1 Pin=R14-1
Added Pin To Net: NetName=NetR14_1 Pin=U11-15
Added Net: Name=NetR14_1
Added Pin To Net: NetName=NetR15_1 Pin=R15-1
Added Pin To Net: NetName=NetR15_1 Pin=U11-14
Added Net: Name=NetR15_1
Added Pin To Net: NetName=NetR16_1 Pin=R16-1
Added Pin To Net: NetName=NetR16_1 Pin=U11-13
Added Net: Name=NetR16_1
Added Pin To Net: NetName=NetR17_1 Pin=R17-1
Added Pin To Net: NetName=NetR17_1 Pin=U11-12
Added Net: Name=NetR17_1
Added Pin To Net: NetName=NetR18_1 Pin=R18-1
Added Pin To Net: NetName=NetR18_1 Pin=U11-11
Added Net: Name=NetR18_1
Added Pin To Net: NetName=NetU1_1 Pin=U1-1
Added Pin To Net: NetName=NetU1_1 Pin=U6-9
Added Net: Name=NetU1_1
Added Pin To Net: NetName=NetU1_13 Pin=U1-13
Added Pin To Net: NetName=NetU1_13 Pin=U5-4
Added Net: Name=NetU1_13
Added Pin To Net: NetName=NetU1_23 Pin=U1-23
Added Pin To Net: NetName=NetU1_23 Pin=U6-5
Added Net: Name=NetU1_23
Added Pin To Net: NetName=NetU1_24 Pin=U1-24
Added Pin To Net: NetName=NetU1_24 Pin=U4-1
Added Net: Name=NetU1_24
Added Pin To Net: NetName=NetU4_6 Pin=U4-6
Added Pin To Net: NetName=NetU4_6 Pin=U4-7
Added Pin To Net: NetName=NetU4_6 Pin=U5-2
Added Net: Name=NetU4_6
Added Pin To Net: NetName=NetU4_11 Pin=U4-11
Added Pin To Net: NetName=NetU4_11 Pin=U4-14
Added Net: Name=NetU4_11
Added Pin To Net: NetName=NetU4_12 Pin=U4-12
Added Pin To Net: NetName=NetU4_12 Pin=U5-3
Added Net: Name=NetU4_12
Added Pin To Net: NetName=NetU10_14 Pin=U10-14
Added Pin To Net: NetName=NetU10_14 Pin=U11-2
Added Net: Name=NetU10_14
Added Pin To Net: NetName=NetU10_15 Pin=U10-15
Added Pin To Net: NetName=NetU10_15 Pin=U11-3
Added Net: Name=NetU10_15
Added Pin To Net: NetName=NetU10_16 Pin=U10-16
Added Pin To Net: NetName=NetU10_16 Pin=U11-4
Added Net: Name=NetU10_16
Added Pin To Net: NetName=NetU10_18 Pin=U10-18
Added Pin To Net: NetName=NetU10_18 Pin=U11-5
Added Net: Name=NetU10_18
Added Pin To Net: NetName=NetU10_19 Pin=U10-19
Added Pin To Net: NetName=NetU10_19 Pin=U11-6
Added Net: Name=NetU10_19
Added Pin To Net: NetName=NetU10_20 Pin=U10-20
Added Pin To Net: NetName=NetU10_20 Pin=U11-7
Added Net: Name=NetU10_20
Added Pin To Net: NetName=NetU10_21 Pin=U10-21
Added Pin To Net: NetName=NetU10_21 Pin=U11-8
Added Net: Name=NetU10_21
Added Pin To Net: NetName=NetU10_23 Pin=U10-23
Added Pin To Net: NetName=NetU10_23 Pin=U11-9
Added Net: Name=NetU10_23
Added Pin To Net: NetName=PA0 Pin=R19-1
Added Pin To Net: NetName=PA0 Pin=SW0-1
Added Pin To Net: NetName=PA0 Pin=SW0-2
Added Pin To Net: NetName=PA0 Pin=SW6-1
Added Pin To Net: NetName=PA0 Pin=SW6-2
Added Pin To Net: NetName=PA0 Pin=SW12-1
Added Pin To Net: NetName=PA0 Pin=SW12-2
Added Pin To Net: NetName=PA0 Pin=SW18-1
Added Pin To Net: NetName=PA0 Pin=SW18-2
Added Pin To Net: NetName=PA0 Pin=SW24-1
Added Pin To Net: NetName=PA0 Pin=SW24-2
Added Pin To Net: NetName=PA0 Pin=SW30-1
Added Pin To Net: NetName=PA0 Pin=SW30-2
Added Pin To Net: NetName=PA0 Pin=U10-43
Added Net: Name=PA0
Added Pin To Net: NetName=PA1 Pin=R20-1
Added Pin To Net: NetName=PA1 Pin=SW1-1
Added Pin To Net: NetName=PA1 Pin=SW1-2
Added Pin To Net: NetName=PA1 Pin=SW7-1
Added Pin To Net: NetName=PA1 Pin=SW7-2
Added Pin To Net: NetName=PA1 Pin=SW13-1
Added Pin To Net: NetName=PA1 Pin=SW13-2
Added Pin To Net: NetName=PA1 Pin=SW19-1
Added Pin To Net: NetName=PA1 Pin=SW19-2
Added Pin To Net: NetName=PA1 Pin=SW25-1
Added Pin To Net: NetName=PA1 Pin=SW25-2
Added Pin To Net: NetName=PA1 Pin=SW31-1
Added Pin To Net: NetName=PA1 Pin=SW31-2
Added Pin To Net: NetName=PA1 Pin=U10-42
Added Net: Name=PA1
Added Pin To Net: NetName=PA2 Pin=R21-1
Added Pin To Net: NetName=PA2 Pin=SW2-1
Added Pin To Net: NetName=PA2 Pin=SW2-2
Added Pin To Net: NetName=PA2 Pin=SW8-1
Added Pin To Net: NetName=PA2 Pin=SW8-2
Added Pin To Net: NetName=PA2 Pin=SW14-1
Added Pin To Net: NetName=PA2 Pin=SW14-2
Added Pin To Net: NetName=PA2 Pin=SW20-1
Added Pin To Net: NetName=PA2 Pin=SW20-2
Added Pin To Net: NetName=PA2 Pin=SW26-1
Added Pin To Net: NetName=PA2 Pin=SW26-2
Added Pin To Net: NetName=PA2 Pin=SW32-1
Added Pin To Net: NetName=PA2 Pin=SW32-2
Added Pin To Net: NetName=PA2 Pin=U10-41
Added Net: Name=PA2
Added Pin To Net: NetName=PA3 Pin=R22-1
Added Pin To Net: NetName=PA3 Pin=SW3-1
Added Pin To Net: NetName=PA3 Pin=SW3-2
Added Pin To Net: NetName=PA3 Pin=SW9-1
Added Pin To Net: NetName=PA3 Pin=SW9-2
Added Pin To Net: NetName=PA3 Pin=SW15-1
Added Pin To Net: NetName=PA3 Pin=SW15-2
Added Pin To Net: NetName=PA3 Pin=SW21-1
Added Pin To Net: NetName=PA3 Pin=SW21-2
Added Pin To Net: NetName=PA3 Pin=SW27-1
Added Pin To Net: NetName=PA3 Pin=SW27-2
Added Pin To Net: NetName=PA3 Pin=SW33-1
Added Pin To Net: NetName=PA3 Pin=SW33-2
Added Pin To Net: NetName=PA3 Pin=U10-40
Added Net: Name=PA3
Added Pin To Net: NetName=PA4 Pin=R23-1
Added Pin To Net: NetName=PA4 Pin=SW16-1
Added Pin To Net: NetName=PA4 Pin=SW16-2
Added Pin To Net: NetName=PA4 Pin=SW22-1
Added Pin To Net: NetName=PA4 Pin=SW22-2
Added Pin To Net: NetName=PA4 Pin=SW28-1
Added Pin To Net: NetName=PA4 Pin=SW28-2
Added Pin To Net: NetName=PA4 Pin=SW34-1
Added Pin To Net: NetName=PA4 Pin=SW34-2
Added Pin To Net: NetName=PA4 Pin=U10-38
Added Net: Name=PA4
Added Pin To Net: NetName=PA5 Pin=R24-1
Added Pin To Net: NetName=PA5 Pin=SW17-1
Added Pin To Net: NetName=PA5 Pin=SW17-2
Added Pin To Net: NetName=PA5 Pin=SW23-1
Added Pin To Net: NetName=PA5 Pin=SW23-2
Added Pin To Net: NetName=PA5 Pin=SW29-1
Added Pin To Net: NetName=PA5 Pin=SW29-2
Added Pin To Net: NetName=PA5 Pin=SW35-1
Added Pin To Net: NetName=PA5 Pin=SW35-2
Added Pin To Net: NetName=PA5 Pin=U10-37
Added Net: Name=PA5
Added Pin To Net: NetName=PC0 Pin=SW0-3
Added Pin To Net: NetName=PC0 Pin=SW0-4
Added Pin To Net: NetName=PC0 Pin=SW1-3
Added Pin To Net: NetName=PC0 Pin=SW1-4
Added Pin To Net: NetName=PC0 Pin=SW2-3
Added Pin To Net: NetName=PC0 Pin=SW2-4
Added Pin To Net: NetName=PC0 Pin=SW3-3
Added Pin To Net: NetName=PC0 Pin=SW3-4
Added Pin To Net: NetName=PC0 Pin=U9-13
Added Pin To Net: NetName=PC0 Pin=U10-9
Added Net: Name=PC0
Added Pin To Net: NetName=PC1 Pin=SW6-3
Added Pin To Net: NetName=PC1 Pin=SW6-4
Added Pin To Net: NetName=PC1 Pin=SW7-3
Added Pin To Net: NetName=PC1 Pin=SW7-4
Added Pin To Net: NetName=PC1 Pin=SW8-3
Added Pin To Net: NetName=PC1 Pin=SW8-4
Added Pin To Net: NetName=PC1 Pin=SW9-3
Added Pin To Net: NetName=PC1 Pin=SW9-4
Added Pin To Net: NetName=PC1 Pin=U9-11
Added Pin To Net: NetName=PC1 Pin=U10-10
Added Net: Name=PC1
Added Pin To Net: NetName=PC2 Pin=SW12-3
Added Pin To Net: NetName=PC2 Pin=SW12-4
Added Pin To Net: NetName=PC2 Pin=SW13-3
Added Pin To Net: NetName=PC2 Pin=SW13-4
Added Pin To Net: NetName=PC2 Pin=SW14-3
Added Pin To Net: NetName=PC2 Pin=SW14-4
Added Pin To Net: NetName=PC2 Pin=SW15-3
Added Pin To Net: NetName=PC2 Pin=SW15-4
Added Pin To Net: NetName=PC2 Pin=SW16-3
Added Pin To Net: NetName=PC2 Pin=SW16-4
Added Pin To Net: NetName=PC2 Pin=SW17-3
Added Pin To Net: NetName=PC2 Pin=SW17-4
Added Pin To Net: NetName=PC2 Pin=U9-9
Added Pin To Net: NetName=PC2 Pin=U10-11
Added Net: Name=PC2
Added Pin To Net: NetName=PC3 Pin=SW18-3
Added Pin To Net: NetName=PC3 Pin=SW18-4
Added Pin To Net: NetName=PC3 Pin=SW19-3
Added Pin To Net: NetName=PC3 Pin=SW19-4
Added Pin To Net: NetName=PC3 Pin=SW20-3
Added Pin To Net: NetName=PC3 Pin=SW20-4
Added Pin To Net: NetName=PC3 Pin=SW21-3
Added Pin To Net: NetName=PC3 Pin=SW21-4
Added Pin To Net: NetName=PC3 Pin=SW22-3
Added Pin To Net: NetName=PC3 Pin=SW22-4
Added Pin To Net: NetName=PC3 Pin=SW23-3
Added Pin To Net: NetName=PC3 Pin=SW23-4
Added Pin To Net: NetName=PC3 Pin=U9-5
Added Pin To Net: NetName=PC3 Pin=U10-13
Added Net: Name=PC3
Added Pin To Net: NetName=PC4 Pin=SW24-3
Added Pin To Net: NetName=PC4 Pin=SW24-4
Added Pin To Net: NetName=PC4 Pin=SW25-3
Added Pin To Net: NetName=PC4 Pin=SW25-4
Added Pin To Net: NetName=PC4 Pin=SW26-3
Added Pin To Net: NetName=PC4 Pin=SW26-4
Added Pin To Net: NetName=PC4 Pin=SW27-3
Added Pin To Net: NetName=PC4 Pin=SW27-4
Added Pin To Net: NetName=PC4 Pin=SW28-3
Added Pin To Net: NetName=PC4 Pin=SW28-4
Added Pin To Net: NetName=PC4 Pin=SW29-3
Added Pin To Net: NetName=PC4 Pin=SW29-4
Added Pin To Net: NetName=PC4 Pin=U9-3
Added Pin To Net: NetName=PC4 Pin=U10-8
Added Net: Name=PC4
Added Pin To Net: NetName=PC5 Pin=SW30-3
Added Pin To Net: NetName=PC5 Pin=SW30-4
Added Pin To Net: NetName=PC5 Pin=SW31-3
Added Pin To Net: NetName=PC5 Pin=SW31-4
Added Pin To Net: NetName=PC5 Pin=SW32-3
Added Pin To Net: NetName=PC5 Pin=SW32-4
Added Pin To Net: NetName=PC5 Pin=SW33-3
Added Pin To Net: NetName=PC5 Pin=SW33-4
Added Pin To Net: NetName=PC5 Pin=SW34-3
Added Pin To Net: NetName=PC5 Pin=SW34-4
Added Pin To Net: NetName=PC5 Pin=SW35-3
Added Pin To Net: NetName=PC5 Pin=SW35-4
Added Pin To Net: NetName=PC5 Pin=U9-1
Added Pin To Net: NetName=PC5 Pin=U10-7
Added Net: Name=PC5
Added Pin To Net: NetName=R\D\ Pin=U1-18
Added Pin To Net: NetName=R\D\ Pin=U2-32
Added Pin To Net: NetName=R\D\ Pin=U3-1
Added Pin To Net: NetName=R\D\ Pin=U10-44
Added Net: Name=R\D\
Added Pin To Net: NetName=RAM C\E\ Pin=U3-27
Added Pin To Net: NetName=RAM C\E\ Pin=U7-4
Added Net: Name=RAM C\E\
Added Pin To Net: NetName=TONEIN Pin=U10-35
Added Net: Name=TONEIN
Added Pin To Net: NetName=TONEOUT Pin=U10-5
Added Net: Name=TONEOUT
Added Pin To Net: NetName=USER Pin=R10-1
Added Pin To Net: NetName=USER Pin=SW43-3
Added Pin To Net: NetName=USER Pin=SW43-4
Added Pin To Net: NetName=USER Pin=U10-36
Added Net: Name=USER
Added Pin To Net: NetName=VIN Pin=C22-1
Added Pin To Net: NetName=VIN Pin=U8-2
Added Pin To Net: NetName=VIN Pin=U8-2
Added Net: Name=VIN
Added Pin To Net: NetName=W\R\ Pin=U1-19
Added Pin To Net: NetName=W\R\ Pin=U2-7
Added Pin To Net: NetName=W\R\ Pin=U3-6
Added Pin To Net: NetName=W\R\ Pin=U10-34
Added Net: Name=W\R\
