Removed Pin From Net: NetName=VCC Pin=U5-11
Removed Pin From Net: NetName=VCC Pin=U5-13
Removed Pin From Net: NetName=I\O\R\Q\ Pin=U10-1
Change Component Designator: OldDesignator=U11 NewDesignator=U12
Added Component: Designator=C11(0603)
Added Component: Designator=U11(PW014)
Added Pin To Net: NetName=GND Pin=C11-1
Added Pin To Net: NetName=VCC Pin=C11-2
Added Pin To Net: NetName=I\O\R\Q\ Pin=U11-2
Added Pin To Net: NetName=A2 Pin=U11-3
Added Pin To Net: NetName=A3 Pin=U11-4
Added Pin To Net: NetName=A4 Pin=U11-5
Added Pin To Net: NetName=GND Pin=U11-7
Added Pin To Net: NetName=A7 Pin=U11-9
Added Pin To Net: NetName=A6 Pin=U11-10
Added Pin To Net: NetName=A5 Pin=U11-11
Added Pin To Net: NetName=VCC Pin=U11-14
Change Net Name : Old Net Name=FLASH C\E\ New Net Name=FLASHC\E\
Change Net Name : Old Net Name=RAM C\E\ New Net Name=RAMC\E\
Added Pin To Net: NetName=8255C\S\ Pin=U5-12
Added Pin To Net: NetName=8255C\S\ Pin=U10-1
Added Net: Name=8255C\S\
Added Pin To Net: NetName=NetU5_10 Pin=U5-10
Added Pin To Net: NetName=NetU5_10 Pin=U11-12
Added Net: Name=NetU5_10
Added Pin To Net: NetName=NetU5_11 Pin=U5-11
Added Pin To Net: NetName=NetU5_11 Pin=U11-1
Added Net: Name=NetU5_11
Added Pin To Net: NetName=NetU5_13 Pin=U5-13
Added Pin To Net: NetName=NetU5_13 Pin=U11-13
Added Net: Name=NetU5_13
Added Member To Class: ClassName=Minna_CPU Member=Component C11 0.1uF
Added Member To Class: ClassName=Minna_CPU Member=Component U12 MCP1702T-5002E/MB
