Removed Pin From Net: NetName=GND Pin=U11-1
Removed Pin From Net: NetName=GND Pin=U11-19
Change Component Comment : Designator=R11 Old Comment=10K New Comment=680
Change Component Comment : Designator=R12 Old Comment=10K New Comment=680
Change Component Comment : Designator=R13 Old Comment=10K New Comment=680
Change Component Comment : Designator=R14 Old Comment=10K New Comment=680
Change Component Comment : Designator=R15 Old Comment=10K New Comment=680
Change Component Comment : Designator=R16 Old Comment=10K New Comment=680
Change Component Comment : Designator=R17 Old Comment=10K New Comment=680
Change Component Comment : Designator=R18 Old Comment=10K New Comment=680
Change Component Description : Designator=R11 Old Description=RES 10.0K OHM 1/10W 1% 0603 SMD New Description=RES 680 OHM 1/10W 1% 0603 SMD
Change Component Description : Designator=R12 Old Description=RES 10.0K OHM 1/10W 1% 0603 SMD New Description=RES 680 OHM 1/10W 1% 0603 SMD
Change Component Description : Designator=R13 Old Description=RES 10.0K OHM 1/10W 1% 0603 SMD New Description=RES 680 OHM 1/10W 1% 0603 SMD
Change Component Description : Designator=R14 Old Description=RES 10.0K OHM 1/10W 1% 0603 SMD New Description=RES 680 OHM 1/10W 1% 0603 SMD
Change Component Description : Designator=R15 Old Description=RES 10.0K OHM 1/10W 1% 0603 SMD New Description=RES 680 OHM 1/10W 1% 0603 SMD
Change Component Description : Designator=R16 Old Description=RES 10.0K OHM 1/10W 1% 0603 SMD New Description=RES 680 OHM 1/10W 1% 0603 SMD
Change Component Description : Designator=R17 Old Description=RES 10.0K OHM 1/10W 1% 0603 SMD New Description=RES 680 OHM 1/10W 1% 0603 SMD
Change Component Description : Designator=R18 Old Description=RES 10.0K OHM 1/10W 1% 0603 SMD New Description=RES 680 OHM 1/10W 1% 0603 SMD
Added Component: Designator=R25(0603)
Added Component: Designator=R26(0603)
Added Pin To Net: NetName=GND Pin=R25-2
Added Pin To Net: NetName=GND Pin=R26-2
Added Pin To Net: NetName=NetR25_1 Pin=R25-1
Added Pin To Net: NetName=NetR25_1 Pin=U11-1
Added Net: Name=NetR25_1
Added Pin To Net: NetName=NetR26_1 Pin=R26-1
Added Pin To Net: NetName=NetR26_1 Pin=U11-19
Added Net: Name=NetR26_1
Added Member To Class: ClassName=Minna_IO Member=Component R25 10K
Added Member To Class: ClassName=Minna_IO Member=Component R26 10K
